C:\Program Files (x86)\Microsoft Visual Studio\2019\Community\MSBuild\Microsoft\VC\v160\Microsoft.CppBuild.targets(513,5): warning MSB8028: The intermediate directory (x64\Debug\) contains files shared from another project (Proiect.vcxproj).  This can lead to incorrect clean and rebuild behavior.
  Camera.cpp
  main.cpp
D:\FACULTATE\ANUL III\PG\Proiect_incercare_deschidere\Proiect_incercare_deschidere\main.cpp(142,17): warning C4244: '=': conversion from 'double' to 'float', possible loss of data
D:\FACULTATE\ANUL III\PG\Proiect_incercare_deschidere\Proiect_incercare_deschidere\main.cpp(143,17): warning C4244: '=': conversion from 'double' to 'float', possible loss of data
  Generating Code...
LINK : warning LNK4217: symbol '__glewActiveTexture' defined in 'libglew32d.lib(glew.obj)' is imported by 'Mesh.obj' in function '"public: void __cdecl gps::Mesh::Draw(class gps::Shader)" (?Draw@Mesh@gps@@QEAAXVShader@2@@Z)'
LINK : warning LNK4286: symbol '__glewActiveTexture' defined in 'libglew32d.lib(glew.obj)' is imported by 'SkyBox.obj'
LINK : warning LNK4217: symbol '__glewBindBuffer' defined in 'libglew32d.lib(glew.obj)' is imported by 'Mesh.obj' in function '"private: void __cdecl gps::Mesh::setupMesh(void)" (?setupMesh@Mesh@gps@@AEAAXXZ)'
LINK : warning LNK4286: symbol '__glewBindBuffer' defined in 'libglew32d.lib(glew.obj)' is imported by 'SkyBox.obj'
LINK : warning LNK4217: symbol '__glewBufferData' defined in 'libglew32d.lib(glew.obj)' is imported by 'Mesh.obj' in function '"private: void __cdecl gps::Mesh::setupMesh(void)" (?setupMesh@Mesh@gps@@AEAAXXZ)'
LINK : warning LNK4286: symbol '__glewBufferData' defined in 'libglew32d.lib(glew.obj)' is imported by 'SkyBox.obj'
LINK : warning LNK4217: symbol '__glewGenBuffers' defined in 'libglew32d.lib(glew.obj)' is imported by 'Mesh.obj' in function '"private: void __cdecl gps::Mesh::setupMesh(void)" (?setupMesh@Mesh@gps@@AEAAXXZ)'
LINK : warning LNK4286: symbol '__glewGenBuffers' defined in 'libglew32d.lib(glew.obj)' is imported by 'SkyBox.obj'
LINK : warning LNK4217: symbol '__glewEnableVertexAttribArray' defined in 'libglew32d.lib(glew.obj)' is imported by 'Mesh.obj' in function '"private: void __cdecl gps::Mesh::setupMesh(void)" (?setupMesh@Mesh@gps@@AEAAXXZ)'
LINK : warning LNK4286: symbol '__glewEnableVertexAttribArray' defined in 'libglew32d.lib(glew.obj)' is imported by 'SkyBox.obj'
LINK : warning LNK4217: symbol '__glewGetUniformLocation' defined in 'libglew32d.lib(glew.obj)' is imported by 'Mesh.obj' in function '"public: void __cdecl gps::Mesh::Draw(class gps::Shader)" (?Draw@Mesh@gps@@QEAAXVShader@2@@Z)'
LINK : warning LNK4286: symbol '__glewGetUniformLocation' defined in 'libglew32d.lib(glew.obj)' is imported by 'SkyBox.obj'
LINK : warning LNK4217: symbol '__glewUniform1i' defined in 'libglew32d.lib(glew.obj)' is imported by 'Mesh.obj' in function '"public: void __cdecl gps::Mesh::Draw(class gps::Shader)" (?Draw@Mesh@gps@@QEAAXVShader@2@@Z)'
LINK : warning LNK4286: symbol '__glewUniform1i' defined in 'libglew32d.lib(glew.obj)' is imported by 'SkyBox.obj'
LINK : warning LNK4217: symbol '__glewVertexAttribPointer' defined in 'libglew32d.lib(glew.obj)' is imported by 'Mesh.obj' in function '"private: void __cdecl gps::Mesh::setupMesh(void)" (?setupMesh@Mesh@gps@@AEAAXXZ)'
LINK : warning LNK4286: symbol '__glewVertexAttribPointer' defined in 'libglew32d.lib(glew.obj)' is imported by 'SkyBox.obj'
LINK : warning LNK4217: symbol '__glewBindVertexArray' defined in 'libglew32d.lib(glew.obj)' is imported by 'Mesh.obj' in function '"public: void __cdecl gps::Mesh::Draw(class gps::Shader)" (?Draw@Mesh@gps@@QEAAXVShader@2@@Z)'
LINK : warning LNK4286: symbol '__glewBindVertexArray' defined in 'libglew32d.lib(glew.obj)' is imported by 'SkyBox.obj'
LINK : warning LNK4217: symbol '__glewGenVertexArrays' defined in 'libglew32d.lib(glew.obj)' is imported by 'Mesh.obj' in function '"private: void __cdecl gps::Mesh::setupMesh(void)" (?setupMesh@Mesh@gps@@AEAAXXZ)'
LINK : warning LNK4286: symbol '__glewGenVertexArrays' defined in 'libglew32d.lib(glew.obj)' is imported by 'SkyBox.obj'
LINK : warning LNK4217: symbol '__glewDeleteBuffers' defined in 'libglew32d.lib(glew.obj)' is imported by 'Model3D.obj' in function '"public: __cdecl gps::Model3D::~Model3D(void)" (??1Model3D@gps@@QEAA@XZ)'
LINK : warning LNK4217: symbol '__glewGenerateMipmap' defined in 'libglew32d.lib(glew.obj)' is imported by 'Model3D.obj' in function '"private: unsigned int __cdecl gps::Model3D::ReadTextureFromFile(char const *)" (?ReadTextureFromFile@Model3D@gps@@AEAAIPEBD@Z)'
LINK : warning LNK4217: symbol '__glewDeleteVertexArrays' defined in 'libglew32d.lib(glew.obj)' is imported by 'Model3D.obj' in function '"public: __cdecl gps::Model3D::~Model3D(void)" (??1Model3D@gps@@QEAA@XZ)'
LINK : warning LNK4217: symbol '__glewAttachShader' defined in 'libglew32d.lib(glew.obj)' is imported by 'Shader.obj' in function '"public: void __cdecl gps::Shader::loadShader(class std::basic_string<char,struct std::char_traits<char>,class std::allocator<char> >,class std::basic_string<char,struct std::char_traits<char>,class std::allocator<char> >)" (?loadShader@Shader@gps@@QEAAXV?$basic_string@DU?$char_traits@D@std@@V?$allocator@D@2@@std@@0@Z)'
LINK : warning LNK4217: symbol '__glewCompileShader' defined in 'libglew32d.lib(glew.obj)' is imported by 'Shader.obj' in function '"public: void __cdecl gps::Shader::loadShader(class std::basic_string<char,struct std::char_traits<char>,class std::allocator<char> >,class std::basic_string<char,struct std::char_traits<char>,class std::allocator<char> >)" (?loadShader@Shader@gps@@QEAAXV?$basic_string@DU?$char_traits@D@std@@V?$allocator@D@2@@std@@0@Z)'
LINK : warning LNK4217: symbol '__glewCreateProgram' defined in 'libglew32d.lib(glew.obj)' is imported by 'Shader.obj' in function '"public: void __cdecl gps::Shader::loadShader(class std::basic_string<char,struct std::char_traits<char>,class std::allocator<char> >,class std::basic_string<char,struct std::char_traits<char>,class std::allocator<char> >)" (?loadShader@Shader@gps@@QEAAXV?$basic_string@DU?$char_traits@D@std@@V?$allocator@D@2@@std@@0@Z)'
LINK : warning LNK4217: symbol '__glewCreateShader' defined in 'libglew32d.lib(glew.obj)' is imported by 'Shader.obj' in function '"public: void __cdecl gps::Shader::loadShader(class std::basic_string<char,struct std::char_traits<char>,class std::allocator<char> >,class std::basic_string<char,struct std::char_traits<char>,class std::allocator<char> >)" (?loadShader@Shader@gps@@QEAAXV?$basic_string@DU?$char_traits@D@std@@V?$allocator@D@2@@std@@0@Z)'
LINK : warning LNK4217: symbol '__glewDeleteShader' defined in 'libglew32d.lib(glew.obj)' is imported by 'Shader.obj' in function '"public: void __cdecl gps::Shader::loadShader(class std::basic_string<char,struct std::char_traits<char>,class std::allocator<char> >,class std::basic_string<char,struct std::char_traits<char>,class std::allocator<char> >)" (?loadShader@Shader@gps@@QEAAXV?$basic_string@DU?$char_traits@D@std@@V?$allocator@D@2@@std@@0@Z)'
LINK : warning LNK4217: symbol '__glewGetProgramInfoLog' defined in 'libglew32d.lib(glew.obj)' is imported by 'Shader.obj' in function '"private: void __cdecl gps::Shader::shaderLinkLog(unsigned int)" (?shaderLinkLog@Shader@gps@@AEAAXI@Z)'
LINK : warning LNK4217: symbol '__glewGetProgramiv' defined in 'libglew32d.lib(glew.obj)' is imported by 'Shader.obj' in function '"private: void __cdecl gps::Shader::shaderLinkLog(unsigned int)" (?shaderLinkLog@Shader@gps@@AEAAXI@Z)'
LINK : warning LNK4217: symbol '__glewGetShaderInfoLog' defined in 'libglew32d.lib(glew.obj)' is imported by 'Shader.obj' in function '"private: void __cdecl gps::Shader::shaderCompileLog(unsigned int)" (?shaderCompileLog@Shader@gps@@AEAAXI@Z)'
LINK : warning LNK4217: symbol '__glewGetShaderiv' defined in 'libglew32d.lib(glew.obj)' is imported by 'Shader.obj' in function '"private: void __cdecl gps::Shader::shaderCompileLog(unsigned int)" (?shaderCompileLog@Shader@gps@@AEAAXI@Z)'
LINK : warning LNK4217: symbol '__glewLinkProgram' defined in 'libglew32d.lib(glew.obj)' is imported by 'Shader.obj' in function '"public: void __cdecl gps::Shader::loadShader(class std::basic_string<char,struct std::char_traits<char>,class std::allocator<char> >,class std::basic_string<char,struct std::char_traits<char>,class std::allocator<char> >)" (?loadShader@Shader@gps@@QEAAXV?$basic_string@DU?$char_traits@D@std@@V?$allocator@D@2@@std@@0@Z)'
LINK : warning LNK4217: symbol '__glewShaderSource' defined in 'libglew32d.lib(glew.obj)' is imported by 'Shader.obj' in function '"public: void __cdecl gps::Shader::loadShader(class std::basic_string<char,struct std::char_traits<char>,class std::allocator<char> >,class std::basic_string<char,struct std::char_traits<char>,class std::allocator<char> >)" (?loadShader@Shader@gps@@QEAAXV?$basic_string@DU?$char_traits@D@std@@V?$allocator@D@2@@std@@0@Z)'
LINK : warning LNK4217: symbol '__glewUseProgram' defined in 'libglew32d.lib(glew.obj)' is imported by 'Shader.obj' in function '"public: void __cdecl gps::Shader::useShaderProgram(void)" (?useShaderProgram@Shader@gps@@QEAAXXZ)'
LINK : warning LNK4217: symbol '__glewUniformMatrix4fv' defined in 'libglew32d.lib(glew.obj)' is imported by 'SkyBox.obj' in function '"public: void __cdecl gps::SkyBox::Draw(class gps::Shader,struct glm::mat<4,4,float,0>,struct glm::mat<4,4,float,0>)" (?Draw@SkyBox@gps@@QEAAXVShader@2@U?$mat@$03$03M$0A@@glm@@1@Z)'
LINK : warning LNK4217: symbol 'glewInit' defined in 'libglew32d.lib(glew.obj)' is imported by 'Window.obj' in function '"public: void __cdecl gps::Window::Create(int,int,char const *)" (?Create@Window@gps@@QEAAXHHPEBD@Z)'
LINK : warning LNK4217: symbol 'glewExperimental' defined in 'libglew32d.lib(glew.obj)' is imported by 'Window.obj' in function '"public: void __cdecl gps::Window::Create(int,int,char const *)" (?Create@Window@gps@@QEAAXHHPEBD@Z)'
  Proiect_incercare_deschidere.vcxproj -> D:\FACULTATE\ANUL III\PG\Proiect_incercare_deschidere\x64\Debug\Proiect_incercare_deschidere.exe
